2020-10-02T04:26:39+00:00 CRITICAL Uncaught Error: Object of class stdClass could not be converted to string in /var/www/html/wp-content/plugins/pokemon/pokemon.php:306
Stack trace:
#0 /var/www/html/wp-includes/shortcodes.php(343): PokemonPlugin->pokemon_single_function('', '', 'pokemon_single')
#1 [internal function]: do_shortcode_tag(Array)
#2 /var/www/html/wp-includes/shortcodes.php(218): preg_replace_callback('/\\[(\\[?)(pokemo...', 'do_shortcode_ta...', '[pokemon_single...')
#3 /var/www/html/wp-content/plugins/pokemon/templates/single-pokemons.php(40): do_shortcode('[pokemon_single...')
#4 /var/www/html/wp-includes/template-loader.php(106): include('/var/www/html/w...')
#5 /var/www/html/wp-blog-header.php(19): require_once('/var/www/html/w...')
#6 /var/www/html/index.php(17): require('/var/www/html/w...')
#7 {main}
  thrown in /var/www/html/wp-content/plugins/pokemon/pokemon.php on line 306

2020-10-02T04:28:09+00:00 CRITICAL Uncaught Error: Object of class stdClass could not be converted to string in /var/www/html/wp-content/plugins/pokemon/pokemon.php:310
Stack trace:
#0 /var/www/html/wp-includes/shortcodes.php(343): PokemonPlugin->pokemon_single_function('', '', 'pokemon_single')
#1 [internal function]: do_shortcode_tag(Array)
#2 /var/www/html/wp-includes/shortcodes.php(218): preg_replace_callback('/\\[(\\[?)(pokemo...', 'do_shortcode_ta...', '[pokemon_single...')
#3 /var/www/html/wp-content/plugins/pokemon/templates/single-pokemons.php(40): do_shortcode('[pokemon_single...')
#4 /var/www/html/wp-includes/template-loader.php(106): include('/var/www/html/w...')
#5 /var/www/html/wp-blog-header.php(19): require_once('/var/www/html/w...')
#6 /var/www/html/index.php(17): require('/var/www/html/w...')
#7 {main}
  thrown in /var/www/html/wp-content/plugins/pokemon/pokemon.php on line 310

2020-10-02T04:28:12+00:00 CRITICAL Uncaught Error: Object of class stdClass could not be converted to string in /var/www/html/wp-content/plugins/pokemon/pokemon.php:310
Stack trace:
#0 /var/www/html/wp-includes/shortcodes.php(343): PokemonPlugin->pokemon_single_function('', '', 'pokemon_single')
#1 [internal function]: do_shortcode_tag(Array)
#2 /var/www/html/wp-includes/shortcodes.php(218): preg_replace_callback('/\\[(\\[?)(pokemo...', 'do_shortcode_ta...', '[pokemon_single...')
#3 /var/www/html/wp-content/plugins/pokemon/templates/single-pokemons.php(40): do_shortcode('[pokemon_single...')
#4 /var/www/html/wp-includes/template-loader.php(106): include('/var/www/html/w...')
#5 /var/www/html/wp-blog-header.php(19): require_once('/var/www/html/w...')
#6 /var/www/html/index.php(17): require('/var/www/html/w...')
#7 {main}
  thrown in /var/www/html/wp-content/plugins/pokemon/pokemon.php on line 310

2020-10-02T04:28:19+00:00 CRITICAL Uncaught Error: Object of class stdClass could not be converted to string in /var/www/html/wp-content/plugins/pokemon/pokemon.php:270
Stack trace:
#0 /var/www/html/wp-includes/shortcodes.php(343): PokemonPlugin->pokemon_single_function('', '', 'pokemon_single')
#1 [internal function]: do_shortcode_tag(Array)
#2 /var/www/html/wp-includes/shortcodes.php(218): preg_replace_callback('/\\[(\\[?)(pokemo...', 'do_shortcode_ta...', '[pokemon_single...')
#3 /var/www/html/wp-content/plugins/pokemon/templates/single-pokemons.php(40): do_shortcode('[pokemon_single...')
#4 /var/www/html/wp-includes/template-loader.php(106): include('/var/www/html/w...')
#5 /var/www/html/wp-blog-header.php(19): require_once('/var/www/html/w...')
#6 /var/www/html/index.php(17): require('/var/www/html/w...')
#7 {main}
  thrown in /var/www/html/wp-content/plugins/pokemon/pokemon.php on line 270

2020-10-02T04:28:23+00:00 CRITICAL Uncaught Error: Object of class stdClass could not be converted to string in /var/www/html/wp-content/plugins/pokemon/pokemon.php:270
Stack trace:
#0 /var/www/html/wp-includes/shortcodes.php(343): PokemonPlugin->pokemon_single_function('', '', 'pokemon_single')
#1 [internal function]: do_shortcode_tag(Array)
#2 /var/www/html/wp-includes/shortcodes.php(218): preg_replace_callback('/\\[(\\[?)(pokemo...', 'do_shortcode_ta...', '[pokemon_single...')
#3 /var/www/html/wp-content/plugins/pokemon/templates/single-pokemons.php(40): do_shortcode('[pokemon_single...')
#4 /var/www/html/wp-includes/template-loader.php(106): include('/var/www/html/w...')
#5 /var/www/html/wp-blog-header.php(19): require_once('/var/www/html/w...')
#6 /var/www/html/index.php(17): require('/var/www/html/w...')
#7 {main}
  thrown in /var/www/html/wp-content/plugins/pokemon/pokemon.php on line 270

2020-10-02T04:28:29+00:00 CRITICAL Uncaught Error: Object of class stdClass could not be converted to string in /var/www/html/wp-content/plugins/pokemon/pokemon.php:270
Stack trace:
#0 /var/www/html/wp-includes/shortcodes.php(343): PokemonPlugin->pokemon_single_function('', '', 'pokemon_single')
#1 [internal function]: do_shortcode_tag(Array)
#2 /var/www/html/wp-includes/shortcodes.php(218): preg_replace_callback('/\\[(\\[?)(pokemo...', 'do_shortcode_ta...', '[pokemon_single...')
#3 /var/www/html/wp-content/plugins/pokemon/templates/single-pokemons.php(40): do_shortcode('[pokemon_single...')
#4 /var/www/html/wp-includes/template-loader.php(106): include('/var/www/html/w...')
#5 /var/www/html/wp-blog-header.php(19): require_once('/var/www/html/w...')
#6 /var/www/html/index.php(17): require('/var/www/html/w...')
#7 {main}
  thrown in /var/www/html/wp-content/plugins/pokemon/pokemon.php on line 270

2020-10-02T04:28:46+00:00 CRITICAL Uncaught Error: Object of class stdClass could not be converted to string in /var/www/html/wp-content/plugins/pokemon/pokemon.php:310
Stack trace:
#0 /var/www/html/wp-includes/shortcodes.php(343): PokemonPlugin->pokemon_single_function('', '', 'pokemon_single')
#1 [internal function]: do_shortcode_tag(Array)
#2 /var/www/html/wp-includes/shortcodes.php(218): preg_replace_callback('/\\[(\\[?)(pokemo...', 'do_shortcode_ta...', '[pokemon_single...')
#3 /var/www/html/wp-content/plugins/pokemon/templates/single-pokemons.php(40): do_shortcode('[pokemon_single...')
#4 /var/www/html/wp-includes/template-loader.php(106): include('/var/www/html/w...')
#5 /var/www/html/wp-blog-header.php(19): require_once('/var/www/html/w...')
#6 /var/www/html/index.php(17): require('/var/www/html/w...')
#7 {main}
  thrown in /var/www/html/wp-content/plugins/pokemon/pokemon.php on line 310

2020-10-02T04:29:15+00:00 CRITICAL Uncaught Error: Object of class stdClass could not be converted to string in /var/www/html/wp-content/plugins/pokemon/pokemon.php:310
Stack trace:
#0 /var/www/html/wp-includes/shortcodes.php(343): PokemonPlugin->pokemon_single_function('', '', 'pokemon_single')
#1 [internal function]: do_shortcode_tag(Array)
#2 /var/www/html/wp-includes/shortcodes.php(218): preg_replace_callback('/\\[(\\[?)(pokemo...', 'do_shortcode_ta...', '[pokemon_single...')
#3 /var/www/html/wp-content/plugins/pokemon/templates/single-pokemons.php(40): do_shortcode('[pokemon_single...')
#4 /var/www/html/wp-includes/template-loader.php(106): include('/var/www/html/w...')
#5 /var/www/html/wp-blog-header.php(19): require_once('/var/www/html/w...')
#6 /var/www/html/index.php(17): require('/var/www/html/w...')
#7 {main}
  thrown in /var/www/html/wp-content/plugins/pokemon/pokemon.php on line 310

2020-10-02T04:29:18+00:00 CRITICAL Uncaught Error: Object of class stdClass could not be converted to string in /var/www/html/wp-content/plugins/pokemon/pokemon.php:310
Stack trace:
#0 /var/www/html/wp-includes/shortcodes.php(343): PokemonPlugin->pokemon_single_function('', '', 'pokemon_single')
#1 [internal function]: do_shortcode_tag(Array)
#2 /var/www/html/wp-includes/shortcodes.php(218): preg_replace_callback('/\\[(\\[?)(pokemo...', 'do_shortcode_ta...', '[pokemon_single...')
#3 /var/www/html/wp-content/plugins/pokemon/templates/single-pokemons.php(40): do_shortcode('[pokemon_single...')
#4 /var/www/html/wp-includes/template-loader.php(106): include('/var/www/html/w...')
#5 /var/www/html/wp-blog-header.php(19): require_once('/var/www/html/w...')
#6 /var/www/html/index.php(17): require('/var/www/html/w...')
#7 {main}
  thrown in /var/www/html/wp-content/plugins/pokemon/pokemon.php on line 310

2020-10-02T04:30:27+00:00 CRITICAL Uncaught Error: Object of class stdClass could not be converted to string in /var/www/html/wp-content/plugins/pokemon/pokemon.php:269
Stack trace:
#0 /var/www/html/wp-includes/shortcodes.php(343): PokemonPlugin->pokemon_single_function('', '', 'pokemon_single')
#1 [internal function]: do_shortcode_tag(Array)
#2 /var/www/html/wp-includes/shortcodes.php(218): preg_replace_callback('/\\[(\\[?)(pokemo...', 'do_shortcode_ta...', '[pokemon_single...')
#3 /var/www/html/wp-content/plugins/pokemon/templates/single-pokemons.php(40): do_shortcode('[pokemon_single...')
#4 /var/www/html/wp-includes/template-loader.php(106): include('/var/www/html/w...')
#5 /var/www/html/wp-blog-header.php(19): require_once('/var/www/html/w...')
#6 /var/www/html/index.php(17): require('/var/www/html/w...')
#7 {main}
  thrown in /var/www/html/wp-content/plugins/pokemon/pokemon.php on line 269

