2020-09-28T05:48:11+00:00 CRITICAL Uncaught Error: Object of class stdClass could not be converted to string in /var/www/html/wp-content/plugins/pokemon/pokemon.php:64
Stack trace:
#0 /var/www/html/wp-content/plugins/pokemon/pokemon.php(64): implode(', ', Array)
#1 /var/www/html/wp-includes/shortcodes.php(343): PokemonPlugin->pokemon_function('', '', 'pokemon')
#2 [internal function]: do_shortcode_tag(Array)
#3 /var/www/html/wp-includes/shortcodes.php(218): preg_replace_callback('/\\[(\\[?)(pokemo...', 'do_shortcode_ta...', '\n[pokemon]\n')
#4 /var/www/html/wp-includes/class-wp-hook.php(287): do_shortcode('\n[pokemon]\n')
#5 /var/www/html/wp-includes/plugin.php(206): WP_Hook->apply_filters('\n[pokemon]\n', Array)
#6 /var/www/html/wp-includes/post-template.php(253): apply_filters('the_content', '<!-- wp:paragra...')
#7 /var/www/html/wp-content/themes/astra/template-parts/content-page.php(59): the_content()
#8 /var/www/html/wp-includes/template.php(732): require('/var/www/html/w...')
#9 /var/www/html/wp-includes/template.php(676): load_template( in /var/www/html/wp-content/plugins/pokemon/pokemon.php on line 64

2020-09-28T05:48:28+00:00 CRITICAL Uncaught Error: Object of class stdClass could not be converted to string in /var/www/html/wp-content/plugins/pokemon/pokemon.php:64
Stack trace:
#0 /var/www/html/wp-content/plugins/pokemon/pokemon.php(64): join(', ', Array)
#1 /var/www/html/wp-includes/shortcodes.php(343): PokemonPlugin->pokemon_function('', '', 'pokemon')
#2 [internal function]: do_shortcode_tag(Array)
#3 /var/www/html/wp-includes/shortcodes.php(218): preg_replace_callback('/\\[(\\[?)(pokemo...', 'do_shortcode_ta...', '\n[pokemon]\n')
#4 /var/www/html/wp-includes/class-wp-hook.php(287): do_shortcode('\n[pokemon]\n')
#5 /var/www/html/wp-includes/plugin.php(206): WP_Hook->apply_filters('\n[pokemon]\n', Array)
#6 /var/www/html/wp-includes/post-template.php(253): apply_filters('the_content', '<!-- wp:paragra...')
#7 /var/www/html/wp-content/themes/astra/template-parts/content-page.php(59): the_content()
#8 /var/www/html/wp-includes/template.php(732): require('/var/www/html/w...')
#9 /var/www/html/wp-includes/template.php(676): load_template('/v in /var/www/html/wp-content/plugins/pokemon/pokemon.php on line 64

2020-09-28T05:48:32+00:00 CRITICAL Uncaught Error: Object of class stdClass could not be converted to string in /var/www/html/wp-content/plugins/pokemon/pokemon.php:64
Stack trace:
#0 /var/www/html/wp-content/plugins/pokemon/pokemon.php(64): join(', ', Array)
#1 /var/www/html/wp-includes/shortcodes.php(343): PokemonPlugin->pokemon_function('', '', 'pokemon')
#2 [internal function]: do_shortcode_tag(Array)
#3 /var/www/html/wp-includes/shortcodes.php(218): preg_replace_callback('/\\[(\\[?)(pokemo...', 'do_shortcode_ta...', '\n[pokemon]\n')
#4 /var/www/html/wp-includes/class-wp-hook.php(287): do_shortcode('\n[pokemon]\n')
#5 /var/www/html/wp-includes/plugin.php(206): WP_Hook->apply_filters('\n[pokemon]\n', Array)
#6 /var/www/html/wp-includes/post-template.php(253): apply_filters('the_content', '<!-- wp:paragra...')
#7 /var/www/html/wp-content/themes/astra/template-parts/content-page.php(59): the_content()
#8 /var/www/html/wp-includes/template.php(732): require('/var/www/html/w...')
#9 /var/www/html/wp-includes/template.php(676): load_template('/v in /var/www/html/wp-content/plugins/pokemon/pokemon.php on line 64

2020-09-28T05:51:27+00:00 CRITICAL Uncaught Error: Object of class stdClass could not be converted to string in /var/www/html/wp-content/plugins/pokemon/pokemon.php:64
Stack trace:
#0 /var/www/html/wp-content/plugins/pokemon/pokemon.php(64): join(', ', Array)
#1 /var/www/html/wp-includes/shortcodes.php(343): PokemonPlugin->pokemon_function('', '', 'pokemon')
#2 [internal function]: do_shortcode_tag(Array)
#3 /var/www/html/wp-includes/shortcodes.php(218): preg_replace_callback('/\\[(\\[?)(pokemo...', 'do_shortcode_ta...', '\n[pokemon]\n')
#4 /var/www/html/wp-includes/class-wp-hook.php(287): do_shortcode('\n[pokemon]\n')
#5 /var/www/html/wp-includes/plugin.php(206): WP_Hook->apply_filters('\n[pokemon]\n', Array)
#6 /var/www/html/wp-includes/post-template.php(253): apply_filters('the_content', '<!-- wp:paragra...')
#7 /var/www/html/wp-content/themes/astra/template-parts/content-page.php(59): the_content()
#8 /var/www/html/wp-includes/template.php(732): require('/var/www/html/w...')
#9 /var/www/html/wp-includes/template.php(676): load_template('/v in /var/www/html/wp-content/plugins/pokemon/pokemon.php on line 64

2020-09-28T06:22:53+00:00 CRITICAL Uncaught Error: Object of class stdClass could not be converted to string in /var/www/html/wp-content/plugins/pokemon/pokemon.php:64
Stack trace:
#0 /var/www/html/wp-includes/shortcodes.php(343): PokemonPlugin->pokemon_function('', '', 'pokemon')
#1 [internal function]: do_shortcode_tag(Array)
#2 /var/www/html/wp-includes/shortcodes.php(218): preg_replace_callback('/\\[(\\[?)(pokemo...', 'do_shortcode_ta...', '\n[pokemon]\n')
#3 /var/www/html/wp-includes/class-wp-hook.php(287): do_shortcode('\n[pokemon]\n')
#4 /var/www/html/wp-includes/plugin.php(206): WP_Hook->apply_filters('\n[pokemon]\n', Array)
#5 /var/www/html/wp-includes/post-template.php(253): apply_filters('the_content', '<!-- wp:paragra...')
#6 /var/www/html/wp-content/themes/astra/template-parts/content-page.php(59): the_content()
#7 /var/www/html/wp-includes/template.php(732): require('/var/www/html/w...')
#8 /var/www/html/wp-includes/template.php(676): load_template('/var/www/html/w...', false, Array)
#9 /var/www/html/wp-includes/general-template. in /var/www/html/wp-content/plugins/pokemon/pokemon.php on line 64

2020-09-28T06:23:40+00:00 CRITICAL Uncaught Error: Object of class stdClass could not be converted to string in /var/www/html/wp-content/plugins/pokemon/pokemon.php:79
Stack trace:
#0 /var/www/html/wp-includes/shortcodes.php(343): PokemonPlugin->pokemon_function('', '', 'pokemon')
#1 [internal function]: do_shortcode_tag(Array)
#2 /var/www/html/wp-includes/shortcodes.php(218): preg_replace_callback('/\\[(\\[?)(pokemo...', 'do_shortcode_ta...', '\n[pokemon]\n')
#3 /var/www/html/wp-includes/class-wp-hook.php(287): do_shortcode('\n[pokemon]\n')
#4 /var/www/html/wp-includes/plugin.php(206): WP_Hook->apply_filters('\n[pokemon]\n', Array)
#5 /var/www/html/wp-includes/post-template.php(253): apply_filters('the_content', '<!-- wp:paragra...')
#6 /var/www/html/wp-content/themes/astra/template-parts/content-page.php(59): the_content()
#7 /var/www/html/wp-includes/template.php(732): require('/var/www/html/w...')
#8 /var/www/html/wp-includes/template.php(676): load_template('/var/www/html/w...', false, Array)
#9 /var/www/html/wp-includes/general-template. in /var/www/html/wp-content/plugins/pokemon/pokemon.php on line 79

2020-09-28T06:25:53+00:00 CRITICAL Uncaught Error: Cannot use object of type stdClass as array in /var/www/html/wp-content/plugins/pokemon/pokemon.php:65
Stack trace:
#0 /var/www/html/wp-includes/shortcodes.php(343): PokemonPlugin->pokemon_function('', '', 'pokemon')
#1 [internal function]: do_shortcode_tag(Array)
#2 /var/www/html/wp-includes/shortcodes.php(218): preg_replace_callback('/\\[(\\[?)(pokemo...', 'do_shortcode_ta...', '\n[pokemon]\n')
#3 /var/www/html/wp-includes/class-wp-hook.php(287): do_shortcode('\n[pokemon]\n')
#4 /var/www/html/wp-includes/plugin.php(206): WP_Hook->apply_filters('\n[pokemon]\n', Array)
#5 /var/www/html/wp-includes/post-template.php(253): apply_filters('the_content', '<!-- wp:paragra...')
#6 /var/www/html/wp-content/themes/astra/template-parts/content-page.php(59): the_content()
#7 /var/www/html/wp-includes/template.php(732): require('/var/www/html/w...')
#8 /var/www/html/wp-includes/template.php(676): load_template('/var/www/html/w...', false, Array)
#9 /var/www/html/wp-includes/general-template.php(204): loca in /var/www/html/wp-content/plugins/pokemon/pokemon.php on line 65

