2020-09-24T02:58:11+00:00 CRITICAL Uncaught Error: Object of class WP_Query could not be converted to string in /var/www/html/wp-content/themes/astra-child/index.php:59
Stack trace:
#0 /var/www/html/wp-includes/template-loader.php(106): include()
#1 /var/www/html/wp-blog-header.php(19): require_once('/var/www/html/w...')
#2 /var/www/html/index.php(17): require('/var/www/html/w...')
#3 {main}
  thrown in /var/www/html/wp-content/themes/astra-child/index.php on line 59

2020-09-24T02:58:34+00:00 CRITICAL Uncaught Error: Object of class WP_Query could not be converted to string in /var/www/html/wp-content/themes/astra-child/index.php:59
Stack trace:
#0 /var/www/html/wp-includes/template-loader.php(106): include()
#1 /var/www/html/wp-blog-header.php(19): require_once('/var/www/html/w...')
#2 /var/www/html/index.php(17): require('/var/www/html/w...')
#3 {main}
  thrown in /var/www/html/wp-content/themes/astra-child/index.php on line 59

2020-09-24T02:58:36+00:00 CRITICAL Uncaught Error: Object of class WP_Query could not be converted to string in /var/www/html/wp-content/themes/astra-child/index.php:59
Stack trace:
#0 /var/www/html/wp-includes/template-loader.php(106): include()
#1 /var/www/html/wp-blog-header.php(19): require_once('/var/www/html/w...')
#2 /var/www/html/index.php(17): require('/var/www/html/w...')
#3 {main}
  thrown in /var/www/html/wp-content/themes/astra-child/index.php on line 59

2020-09-24T05:32:25+00:00 CRITICAL syntax error, unexpected ',' in /var/www/html/wp-content/themes/astra-child/functions.php on line 76

2020-09-24T05:32:25+00:00 CRITICAL syntax error, unexpected ',' in /var/www/html/wp-content/themes/astra-child/functions.php on line 76

2020-09-24T06:27:08+00:00 CRITICAL Uncaught ArgumentCountError: Too few arguments to function give_profile_name(), 0 passed in /var/www/html/wp-content/themes/astra-child/functions.php on line 168 and exactly 1 expected in /var/www/html/wp-content/themes/astra-child/functions.php:151
Stack trace:
#0 /var/www/html/wp-content/themes/astra-child/functions.php(168): give_profile_name()
#1 /var/www/html/wp-includes/class-wp-hook.php(289): my_dynamic_menu_items(Array)
#2 /var/www/html/wp-includes/plugin.php(206): WP_Hook->apply_filters(Array, Array)
#3 /var/www/html/wp-includes/nav-menu-template.php(226): apply_filters('wp_nav_menu_obj...', Array, Object(stdClass))
#4 /var/www/html/wp-content/themes/astra/inc/markup-extras.php(850): wp_nav_menu(Object(stdClass))
#5 /var/www/html/wp-includes/class-wp-hook.php(287): astra_primary_navigation_markup('')
#6 /var/www/html/wp-includes/class-wp-hook.php(311): WP_Hook->apply_filters(NULL, Array)
#7 /var/www/html/wp-includes/plugin.php(478): WP_Hook->do_action(Array)
#8 /var/www/html/wp-content/themes/astra/i in /var/www/html/wp-content/themes/astra-child/functions.php on line 151

2020-09-24T06:29:04+00:00 CRITICAL Uncaught ArgumentCountError: Too few arguments to function give_profile_name(), 0 passed in /var/www/html/wp-content/themes/astra-child/functions.php on line 168 and exactly 1 expected in /var/www/html/wp-content/themes/astra-child/functions.php:151
Stack trace:
#0 /var/www/html/wp-content/themes/astra-child/functions.php(168): give_profile_name()
#1 /var/www/html/wp-includes/class-wp-hook.php(289): my_dynamic_menu_items(Array)
#2 /var/www/html/wp-includes/plugin.php(206): WP_Hook->apply_filters(Array, Array)
#3 /var/www/html/wp-includes/nav-menu-template.php(226): apply_filters('wp_nav_menu_obj...', Array, Object(stdClass))
#4 /var/www/html/wp-content/themes/astra/inc/markup-extras.php(850): wp_nav_menu(Object(stdClass))
#5 /var/www/html/wp-includes/class-wp-hook.php(287): astra_primary_navigation_markup('')
#6 /var/www/html/wp-includes/class-wp-hook.php(311): WP_Hook->apply_filters(NULL, Array)
#7 /var/www/html/wp-includes/plugin.php(478): WP_Hook->do_action(Array)
#8 /var/www/html/wp-content/themes/astra/i in /var/www/html/wp-content/themes/astra-child/functions.php on line 151

2020-09-24T06:29:08+00:00 CRITICAL Uncaught ArgumentCountError: Too few arguments to function give_profile_name(), 0 passed in /var/www/html/wp-content/themes/astra-child/functions.php on line 168 and exactly 1 expected in /var/www/html/wp-content/themes/astra-child/functions.php:151
Stack trace:
#0 /var/www/html/wp-content/themes/astra-child/functions.php(168): give_profile_name()
#1 /var/www/html/wp-includes/class-wp-hook.php(289): my_dynamic_menu_items(Array)
#2 /var/www/html/wp-includes/plugin.php(206): WP_Hook->apply_filters(Array, Array)
#3 /var/www/html/wp-includes/nav-menu-template.php(226): apply_filters('wp_nav_menu_obj...', Array, Object(stdClass))
#4 /var/www/html/wp-content/themes/astra/inc/markup-extras.php(850): wp_nav_menu(Object(stdClass))
#5 /var/www/html/wp-includes/class-wp-hook.php(287): astra_primary_navigation_markup('')
#6 /var/www/html/wp-includes/class-wp-hook.php(311): WP_Hook->apply_filters(NULL, Array)
#7 /var/www/html/wp-includes/plugin.php(478): WP_Hook->do_action(Array)
#8 /var/www/html/wp-content/themes/astra/i in /var/www/html/wp-content/themes/astra-child/functions.php on line 151

2020-09-24T08:44:17+00:00 CRITICAL Uncaught ArgumentCountError: Too few arguments to function wp_get_attachment_image_src(), 0 passed in /var/www/html/wp-content/themes/astra-child/template-recipes.php on line 16 and at least 1 expected in /var/www/html/wp-includes/media.php:953
Stack trace:
#0 /var/www/html/wp-content/themes/astra-child/template-recipes.php(16): wp_get_attachment_image_src()
#1 /var/www/html/wp-includes/template-loader.php(106): include('/var/www/html/w...')
#2 /var/www/html/wp-blog-header.php(19): require_once('/var/www/html/w...')
#3 /var/www/html/index.php(17): require('/var/www/html/w...')
#4 {main}
  thrown in /var/www/html/wp-includes/media.php on line 953

2020-09-24T09:18:17+00:00 CRITICAL Uncaught Error: Call to undefined function relative_post_the_date() in /var/www/html/wp-content/themes/astra-child/template-recipes.php:34
Stack trace:
#0 /var/www/html/wp-includes/template-loader.php(106): include()
#1 /var/www/html/wp-blog-header.php(19): require_once('/var/www/html/w...')
#2 /var/www/html/index.php(17): require('/var/www/html/w...')
#3 {main}
  thrown in /var/www/html/wp-content/themes/astra-child/template-recipes.php on line 34

2020-09-24T09:18:24+00:00 CRITICAL Uncaught Error: Call to undefined function relative_post_the_date() in /var/www/html/wp-content/themes/astra-child/template-recipes.php:34
Stack trace:
#0 /var/www/html/wp-includes/template-loader.php(106): include()
#1 /var/www/html/wp-blog-header.php(19): require_once('/var/www/html/w...')
#2 /var/www/html/index.php(17): require('/var/www/html/w...')
#3 {main}
  thrown in /var/www/html/wp-content/themes/astra-child/template-recipes.php on line 34

